<?xml version="1.0" encoding="UTF-8"?>
<testng-results ignored="0" total="1" passed="1" failed="0" skipped="0">
  <reporter-output>
  </reporter-output>
  <suite started-at="2023-03-31T13:19:31 IST" name="Default suite" finished-at="2023-03-31T13:19:49 IST" duration-ms="18238">
    <groups>
    </groups>
    <test started-at="2023-03-31T13:19:31 IST" name="Default test" finished-at="2023-03-31T13:19:49 IST" duration-ms="18238">
      <class name="Orangehrm.testcases.AdminLoginTest">
        <test-method is-config="true" signature="launchApp()[pri:0, instance:Orangehrm.testcases.AdminLoginTest@2df9b86]" started-at="2023-03-31T13:19:31 IST" name="launchApp" finished-at="2023-03-31T13:19:41 IST" duration-ms="10228" status="PASS">
          <reporter-output>
          </reporter-output>
        </test-method> <!-- launchApp -->
        <test-method signature="checkAdminLogin()[pri:0, instance:Orangehrm.testcases.AdminLoginTest@2df9b86]" started-at="2023-03-31T13:19:41 IST" name="checkAdminLogin" finished-at="2023-03-31T13:19:49 IST" duration-ms="7668" status="PASS">
          <reporter-output>
          </reporter-output>
        </test-method> <!-- checkAdminLogin -->
        <test-method is-config="true" signature="closeApp()[pri:0, instance:Orangehrm.testcases.AdminLoginTest@2df9b86]" started-at="2023-03-31T13:19:49 IST" name="closeApp" finished-at="2023-03-31T13:19:49 IST" duration-ms="271" status="PASS">
          <reporter-output>
          </reporter-output>
        </test-method> <!-- closeApp -->
      </class> <!-- Orangehrm.testcases.AdminLoginTest -->
    </test> <!-- Default test -->
  </suite> <!-- Default suite -->
</testng-results>
